<?xml version="1.0" encoding="UTF-8"?>
<!-- Generated by org.testng.reporters.JUnitReportReporter -->
<testsuite skipped="0" hostname="AT-R9" name="primusbank.adsub.as" tests="1" failures="0" timestamp="01 Dec 2017 11:23:43 GMT" time="0.014" errors="0">
  <testcase name="vplus" time="0.014" classname="primusbank.adsub.as"/>
</testsuite> <!-- primusbank.adsub.as -->
