<?xml version="1.0" encoding="UTF-8"?>
<!-- Generated by org.testng.reporters.JUnitReportReporter -->
<testsuite hostname="AT-R9" failures="0" tests="1" name="loc.validation" time="10.873" errors="0" timestamp="16 Apr 2018 09:43:57 GMT" skipped="0">
  <testcase classname="loc.validation" name="title" time="10.873"/>
</testsuite> <!-- loc.validation -->
