<?xml version="1.0" encoding="UTF-8"?>
<!-- Generated by org.testng.reporters.JUnitReportReporter -->
<testsuite skipped="0" hostname="AT-R9" name="loc.testexecution" tests="1" failures="0" timestamp="14 Dec 2017 11:20:24 GMT" time="6.012" errors="0">
  <testcase name="vlogic" time="6.012" classname="loc.testexecution"/>
</testsuite> <!-- loc.testexecution -->
